<?xml version="1.0" encoding="UTF-8"?>
<testsuite name="com.portfolio.finance.service.FinancialCalculationEngineTest" tests="5" skipped="0" failures="0" errors="0" timestamp="2026-04-22T10:21:26.455Z" hostname="DESKTOP-QG2AEJN" time="0.121">
  <properties/>
  <testcase name="calculateNpvShouldReturnPositiveValueForProfitableCase()" classname="com.portfolio.finance.service.FinancialCalculationEngineTest" time="0.086"/>
  <testcase name="calculatePaybackShouldReturnFractionalYears()" classname="com.portfolio.finance.service.FinancialCalculationEngineTest" time="0.005"/>
  <testcase name="calculateIrrShouldBeNearExpectedRange()" classname="com.portfolio.finance.service.FinancialCalculationEngineTest" time="0.0"/>
  <testcase name="scenarioAndSensitivityShouldProduceExpectedPointCounts()" classname="com.portfolio.finance.service.FinancialCalculationEngineTest" time="0.01"/>
  <testcase name="gradeShouldReflectProfitabilityAndRisk()" classname="com.portfolio.finance.service.FinancialCalculationEngineTest" time="0.001"/>
  <system-out><![CDATA[]]></system-out>
  <system-err><![CDATA[]]></system-err>
</testsuite>
